<?xml version="1.0" encoding="utf-8"?><testsuites name="pytest tests"><testsuite name="pytest" errors="0" failures="0" skipped="0" tests="15" time="0.944" timestamp="2026-08-12T05:36:57.798411+00:00" hostname="agent-env-bec270c3-26cd-4349-b378-2e60919f45e9"><testcase classname="backend.tests.backend_test.TestServiceStatus" name="test_api_root" time="0.204" /><testcase classname="backend.tests.backend_test.TestServiceStatus" name="test_health" time="0.066" /><testcase classname="backend.tests.backend_test.TestNeighbourhoodFallback" name="test_address_fallback_chain[address0-NHCS Layout, Bengaluru]" time="0.000" /><testcase classname="backend.tests.backend_test.TestNeighbourhoodFallback" name="test_address_fallback_chain[address1-Vijayanagar, Bangalore]" time="0.000" /><testcase classname="backend.tests.backend_test.TestNeighbourhoodFallback" name="test_address_fallback_chain[address2-Central, Metro]" time="0.000" /><testcase classname="backend.tests.backend_test.TestNeighbourhoodFallback" name="test_address_fallback_chain[address3-North, Village]" time="0.000" /><testcase classname="backend.tests.backend_test.TestNeighbourhoodFallback" name="test_address_fallback_chain[address4-District, County]" time="0.000" /><testcase classname="backend.tests.backend_test.TestNeighbourhoodFallback" name="test_address_fallback_chain[address5-West, City]" time="0.000" /><testcase classname="backend.tests.backend_test.TestNeighbourhoodFallback" name="test_address_fallback_chain[address6-Bengaluru, India]" time="0.000" /><testcase classname="backend.tests.backend_test.TestNeighbourhoodFallback" name="test_address_fallback_chain[address7-None]" time="0.000" /><testcase classname="backend.tests.backend_test.TestLocation" name="test_location_resolves_neighbourhood_and_repeat_is_cached" time="0.206" /><testcase classname="backend.tests.backend_test.TestLocation" name="test_location_rejects_invalid_coordinates[payload0]" time="0.040" /><testcase classname="backend.tests.backend_test.TestLocation" name="test_location_rejects_invalid_coordinates[payload1]" time="0.043" /><testcase classname="backend.tests.backend_test.TestLocation" name="test_location_rejects_invalid_coordinates[payload2]" time="0.041" /><testcase classname="backend.tests.backend_test.TestLocation" name="test_location_rejects_invalid_coordinates[payload3]" time="0.082" /></testsuite></testsuites>